Using pre-set license
Built from '2020.3/release' branch; Version is '2020.3.12f1 (b3b2c6512326) revision 11776710'; Using compiler version '192528614'; Build Type 'Release'
OS: 'Windows 7  (6.1.0) 64bit' Language: 'uk' Physical Memory: 8175 MB
BatchMode: 1, IsHumanControllingUs: 0, StartBugReporterOnCrash: 0, Is64bit: 1, IsPro: 0

 COMMAND LINE ARGUMENTS:
C:\Program Files\UnityEditor\2020.3.12f1\Editor\Unity.exe
-adb2
-batchMode
-noUpm
-name
AssetImportWorker0
-projectPath
E:/Progs/Unity/Programming_theory_in_action
-logFile
Logs/AssetImportWorker0.log
-srvPort
49288
Successfully changed project path to: E:/Progs/Unity/Programming_theory_in_action
E:/Progs/Unity/Programming_theory_in_action
Using Asset Import Pipeline V2.
Refreshing native plugins compatible for Editor in 46.60 ms, found 2 plugins.
Preloading 0 native plugins for Editor in 0.00 ms.
Initialize engine version: 2020.3.12f1 (b3b2c6512326)
[Subsystems] Discovering subsystems at path C:/Program Files/UnityEditor/2020.3.12f1/Editor/Data/Resources/UnitySubsystems
[Subsystems] Discovering subsystems at path E:/Progs/Unity/Programming_theory_in_action/Assets
GfxDevice: creating device client; threaded=0
d3d11: CreateDXGIFactory2(...) not found, fallbacking to CreateDXGIFactory1(...).
d3d11: QueryInterface(IDXGIFactory5) failed (80004002).
Direct3D:
    Version:  Direct3D 11.0 [level 11.0]
    Renderer: NVIDIA GeForce GTX 560 Ti (ID=0x1200)
    Vendor:   
    VRAM:     969 MB
    Driver:   23.21.13.9135
Initialize mono
Mono path[0] = 'C:/Program Files/UnityEditor/2020.3.12f1/Editor/Data/Managed'
Mono path[1] = 'C:/Program Files/UnityEditor/2020.3.12f1/Editor/Data/MonoBleedingEdge/lib/mono/unityjit'
Mono config path = 'C:/Program Files/UnityEditor/2020.3.12f1/Editor/Data/MonoBleedingEdge/etc'
Using monoOptions --debugger-agent=transport=dt_socket,embedding=1,server=y,suspend=n,address=127.0.0.1:56880
Begin MonoManager ReloadAssembly
Registering precompiled unity dll's ...
Register platform support module: C:/Program Files/UnityEditor/2020.3.12f1/Editor/Data/PlaybackEngines/WebGLSupport/UnityEditor.WebGL.Extensions.dll
Register platform support module: C:/Program Files/UnityEditor/2020.3.12f1/Editor/Data/PlaybackEngines/WindowsStandaloneSupport/UnityEditor.WindowsStandalone.Extensions.dll
Registered in 0.002499 seconds.
Native extension for WindowsStandalone target not found
Native extension for WebGL target not found
Refreshing native plugins compatible for Editor in 49.21 ms, found 2 plugins.
Preloading 0 native plugins for Editor in 0.00 ms.
Mono: successfully reloaded assembly
- Completed reload, in  1.975 seconds
Platform modules already initialized, skipping
Registering precompiled user dll's ...
Registered in 0.004926 seconds.
Begin MonoManager ReloadAssembly
Native extension for WindowsStandalone target not found
Native extension for WebGL target not found
Refreshing native plugins compatible for Editor in 0.43 ms, found 2 plugins.
Preloading 0 native plugins for Editor in 0.00 ms.
Mono: successfully reloaded assembly
- Completed reload, in  1.518 seconds
Platform modules already initialized, skipping
========================================================================
Worker process is ready to serve import requests
Launched and connected shader compiler UnityShaderCompiler.exe after 0.05 seconds
Refreshing native plugins compatible for Editor in 0.42 ms, found 2 plugins.
Preloading 0 native plugins for Editor in 0.00 ms.
Unloading 1386 Unused Serialized files (Serialized files now loaded: 0)
System memory in use before: 64.7 MB.
System memory in use after: 64.7 MB.

Unloading 19 unused Assets to reduce memory usage. Loaded Objects now: 1819.
Total: 2.264978 ms (FindLiveObjects: 0.155717 ms CreateObjectMapping: 0.067242 ms MarkObjects: 1.937618 ms  DeleteObjects: 0.102986 ms)

AssetImportParameters requested are different than current active one (requested -> active):
  custom:framework-win-MediaFoundation: 216162199b28c13a410421893ffa2e32 -> 
  custom:video-decoder-ogg-theora: a1e56fd34408186e4bbccfd4996cb3dc -> 
  custom:container-muxer-webm: aa71ff27fc2769a1b78a27578f13a17b -> 
  custom:container-demuxer-webm: 4f35f7cbe854078d1ac9338744f61a02 -> 
  custom:container-demuxer-ogg: 62fdf1f143b41e24485cea50d1cbac27 -> 
  custom:video-encoder-webm-vp8: eb34c28f22e8b96e1ab97ce403110664 -> 
  custom:video-decoder-webm-vp8: 9c59270c3fd7afecdb556c50c9e8de78 -> 
  custom:audio-decoder-ogg-vorbis: bf7c407c2cedff20999df2af8eb42d56 -> 
  custom:audio-encoder-webm-vorbis: bf7c407c2cedff20999df2af8eb42d56 -> 
========================================================================
Received Import Request.
  path: Assets/Rockstar Asset Pack/Guitars/Dominion.fbx
  artifactKey: Guid(35f59325e7b1746399497e36ed2b4d04) Importer(815301076,1909f56bfc062723c751e8b465ee728b)
Start importing Assets/Rockstar Asset Pack/Guitars/Dominion.fbx using Guid(35f59325e7b1746399497e36ed2b4d04) Importer(815301076,1909f56bfc062723c751e8b465ee728b)  -> (artifact id: 'cdd367c0b7b855c92809b0e577eb0e04') in 0.790721 seconds 
  Import took 0.793966 seconds .

========================================================================
Received Import Request.
  Time since last request: 0.001031 seconds.
  path: Assets/Rockstar Asset Pack/Guitars/StratnoPickGuard.fbx
  artifactKey: Guid(e95e093d05cba40059c94a5d59a33c98) Importer(815301076,1909f56bfc062723c751e8b465ee728b)
Start importing Assets/Rockstar Asset Pack/Guitars/StratnoPickGuard.fbx using Guid(e95e093d05cba40059c94a5d59a33c98) Importer(815301076,1909f56bfc062723c751e8b465ee728b)  -> (artifact id: '72d6b9fbfd978117896afd58ddd3c11f') in 0.117848 seconds 
  Import took 0.121093 seconds .

========================================================================
Received Import Request.
  Time since last request: 0.000975 seconds.
  path: Assets/Rockstar Asset Pack/Guitars/Explorer.fbx
  artifactKey: Guid(20f9b0866f0c24d9a8e13ca37750bba6) Importer(815301076,1909f56bfc062723c751e8b465ee728b)
Start importing Assets/Rockstar Asset Pack/Guitars/Explorer.fbx using Guid(20f9b0866f0c24d9a8e13ca37750bba6) Importer(815301076,1909f56bfc062723c751e8b465ee728b)  -> (artifact id: '663d67241ca4447d9b26846a89a3287b') in 0.109366 seconds 
  Import took 0.113002 seconds .

========================================================================
Received Import Request.
  Time since last request: 0.000861 seconds.
  path: Assets/Rockstar Asset Pack/Guitars/LesPaul.fbx
  artifactKey: Guid(d1420ecfff54d4f0284fa36f61984eca) Importer(815301076,1909f56bfc062723c751e8b465ee728b)
Start importing Assets/Rockstar Asset Pack/Guitars/LesPaul.fbx using Guid(d1420ecfff54d4f0284fa36f61984eca) Importer(815301076,1909f56bfc062723c751e8b465ee728b)  -> (artifact id: '42e5ce577fc999ec224c526eeaacbcdd') in 0.113527 seconds 
  Import took 0.116925 seconds .

========================================================================
Received Import Request.
  Time since last request: 0.001078 seconds.
  path: Assets/Rockstar Asset Pack/Guitars/Stratocaster.fbx
  artifactKey: Guid(c7720e3f6df894907a3c345b375855c2) Importer(815301076,1909f56bfc062723c751e8b465ee728b)
Start importing Assets/Rockstar Asset Pack/Guitars/Stratocaster.fbx using Guid(c7720e3f6df894907a3c345b375855c2) Importer(815301076,1909f56bfc062723c751e8b465ee728b)  -> (artifact id: '0544c3b40a2886b9ad411b943686ce4d') in 0.123644 seconds 
  Import took 0.127651 seconds .

========================================================================
Received Import Request.
  Time since last request: 0.001038 seconds.
  path: Assets/Rockstar Asset Pack/Guitars/Telecaster.fbx
  artifactKey: Guid(daeaf8a3e70f44e40bbe0f1be3b1cdab) Importer(815301076,1909f56bfc062723c751e8b465ee728b)
Start importing Assets/Rockstar Asset Pack/Guitars/Telecaster.fbx using Guid(daeaf8a3e70f44e40bbe0f1be3b1cdab) Importer(815301076,1909f56bfc062723c751e8b465ee728b)  -> (artifact id: 'b55884c8a328c10dc63bd1f368f78578') in 0.118843 seconds 
  Import took 0.122197 seconds .

========================================================================
Received Import Request.
  Time since last request: 0.001080 seconds.
  path: Assets/Rockstar Asset Pack/Guitars/Explorer 1.fbx
  artifactKey: Guid(8fc2d2d48941c40c79776774096dc427) Importer(815301076,1909f56bfc062723c751e8b465ee728b)
Start importing Assets/Rockstar Asset Pack/Guitars/Explorer 1.fbx using Guid(8fc2d2d48941c40c79776774096dc427) Importer(815301076,1909f56bfc062723c751e8b465ee728b)  -> (artifact id: 'bc32135d433adb0f0facafa835f9c22b') in 0.131285 seconds 
  Import took 0.134647 seconds .

========================================================================
Received Import Request.
  Time since last request: 4.241993 seconds.
  path: Assets/Rockstar Asset Pack/Prefabs/4StringBass.prefab
  artifactKey: Guid(7a118e298fdbb4928b0068e4591d4379) Importer(815301076,1909f56bfc062723c751e8b465ee728b)
Start importing Assets/Rockstar Asset Pack/Prefabs/4StringBass.prefab using Guid(7a118e298fdbb4928b0068e4591d4379) Importer(815301076,1909f56bfc062723c751e8b465ee728b)  -> (artifact id: 'e611f7472d2d969965a4b55699e96f4c') in 0.322917 seconds 
  Import took 0.326733 seconds .

========================================================================
Received Import Request.
  Time since last request: 0.000888 seconds.
  path: Assets/Rockstar Asset Pack/Prefabs/SingleCab.prefab
  artifactKey: Guid(3af8ef9b25b5c43059b37cd91c167309) Importer(815301076,1909f56bfc062723c751e8b465ee728b)
Start importing Assets/Rockstar Asset Pack/Prefabs/SingleCab.prefab using Guid(3af8ef9b25b5c43059b37cd91c167309) Importer(815301076,1909f56bfc062723c751e8b465ee728b)  -> (artifact id: '0be64b6cf7b52a785df88fe7c9fa1a78') in 0.024327 seconds 
  Import took 0.027389 seconds .

========================================================================
Received Import Request.
  Time since last request: 0.000926 seconds.
  path: Assets/Rockstar Asset Pack/Prefabs/Stratocaster (Vintage White).prefab
  artifactKey: Guid(8088c8fb2670b4ef393196bebe59d146) Importer(815301076,1909f56bfc062723c751e8b465ee728b)
Start importing Assets/Rockstar Asset Pack/Prefabs/Stratocaster (Vintage White).prefab using Guid(8088c8fb2670b4ef393196bebe59d146) Importer(815301076,1909f56bfc062723c751e8b465ee728b)  -> (artifact id: '47202a002d6511a09fbe9aaf63c6bfa0') in 0.029271 seconds 
  Import took 0.032693 seconds .

========================================================================
Received Import Request.
  Time since last request: 0.000970 seconds.
  path: Assets/Rockstar Asset Pack/Prefabs/DrumStick.prefab
  artifactKey: Guid(7df5a3312eb6947ac941c361fc92c0a3) Importer(815301076,1909f56bfc062723c751e8b465ee728b)
Start importing Assets/Rockstar Asset Pack/Prefabs/DrumStick.prefab using Guid(7df5a3312eb6947ac941c361fc92c0a3) Importer(815301076,1909f56bfc062723c751e8b465ee728b)  -> (artifact id: 'bb6c43d5bf94919849ba22b13d33e97b') in 0.014830 seconds 
  Import took 0.017854 seconds .

========================================================================
Received Import Request.
  Time since last request: 0.000873 seconds.
  path: Assets/Rockstar Asset Pack/Prefabs/Snare (Red).prefab
  artifactKey: Guid(c77c542a832f74bf5a102ae3eb96e1da) Importer(815301076,1909f56bfc062723c751e8b465ee728b)
Start importing Assets/Rockstar Asset Pack/Prefabs/Snare (Red).prefab using Guid(c77c542a832f74bf5a102ae3eb96e1da) Importer(815301076,1909f56bfc062723c751e8b465ee728b)  -> (artifact id: '81196879a016f0d833a0b21ceaf1bc23') in 0.018712 seconds 
  Import took 0.022677 seconds .

========================================================================
Received Import Request.
  Time since last request: 0.001464 seconds.
  path: Assets/Rockstar Asset Pack/Prefabs/Explorer (Green Mahogony).prefab
  artifactKey: Guid(904a9736eae624e4e9c703f514110a3e) Importer(815301076,1909f56bfc062723c751e8b465ee728b)
Start importing Assets/Rockstar Asset Pack/Prefabs/Explorer (Green Mahogony).prefab using Guid(904a9736eae624e4e9c703f514110a3e) Importer(815301076,1909f56bfc062723c751e8b465ee728b)  -> (artifact id: '5d8dd5acc50cb7b1c800d992fc5ed24f') in 0.026061 seconds 
  Import took 0.029457 seconds .

========================================================================
Received Import Request.
  Time since last request: 0.001589 seconds.
  path: Assets/Rockstar Asset Pack/Prefabs/CrashwStand.prefab
  artifactKey: Guid(026a0fe491199469a898cf4ca06d6ea1) Importer(815301076,1909f56bfc062723c751e8b465ee728b)
Start importing Assets/Rockstar Asset Pack/Prefabs/CrashwStand.prefab using Guid(026a0fe491199469a898cf4ca06d6ea1) Importer(815301076,1909f56bfc062723c751e8b465ee728b)  -> (artifact id: '4695a2ed4a51fbc91144a0624a854489') in 0.033204 seconds 
  Import took 0.038051 seconds .

========================================================================
Received Import Request.
  Time since last request: 0.001032 seconds.
  path: Assets/Rockstar Asset Pack/Prefabs/Dominion (GreyQuiltedMaple).prefab
  artifactKey: Guid(e24dff65531124ef0969e99fb0855d09) Importer(815301076,1909f56bfc062723c751e8b465ee728b)
Start importing Assets/Rockstar Asset Pack/Prefabs/Dominion (GreyQuiltedMaple).prefab using Guid(e24dff65531124ef0969e99fb0855d09) Importer(815301076,1909f56bfc062723c751e8b465ee728b)  -> (artifact id: 'e75820c37d0014f5191091838b5345b8') in 0.023544 seconds 
  Import took 0.028103 seconds .

========================================================================
Received Import Request.
  Time since last request: 0.001257 seconds.
  path: Assets/Rockstar Asset Pack/Prefabs/GuitarHangerBlock.prefab
  artifactKey: Guid(c13eb42888756436483680a774dfb266) Importer(815301076,1909f56bfc062723c751e8b465ee728b)
Start importing Assets/Rockstar Asset Pack/Prefabs/GuitarHangerBlock.prefab using Guid(c13eb42888756436483680a774dfb266) Importer(815301076,1909f56bfc062723c751e8b465ee728b)  -> (artifact id: '50f0a996710faba84bf3116e4f42870f') in 0.014939 seconds 
  Import took 0.018277 seconds .

========================================================================
Received Import Request.
  Time since last request: 0.001635 seconds.
  path: Assets/Rockstar Asset Pack/Prefabs/Telecaster(Sunburst).prefab
  artifactKey: Guid(d7bb9ba66bde248fa9739eae77e033e1) Importer(815301076,1909f56bfc062723c751e8b465ee728b)
Start importing Assets/Rockstar Asset Pack/Prefabs/Telecaster(Sunburst).prefab using Guid(d7bb9ba66bde248fa9739eae77e033e1) Importer(815301076,1909f56bfc062723c751e8b465ee728b)  -> (artifact id: '1f7e7fd60cc279b3b74cf29c736b18be') in 0.032975 seconds 
  Import took 0.036795 seconds .

========================================================================
Received Import Request.
  Time since last request: 0.001171 seconds.
  path: Assets/Rockstar Asset Pack/Prefabs/LesPaul (Black).prefab
  artifactKey: Guid(05370f8719376485aaa7681295d998a7) Importer(815301076,1909f56bfc062723c751e8b465ee728b)
Start importing Assets/Rockstar Asset Pack/Prefabs/LesPaul (Black).prefab using Guid(05370f8719376485aaa7681295d998a7) Importer(815301076,1909f56bfc062723c751e8b465ee728b)  -> (artifact id: '2c95fcf99afb725eee5768c48f72ddbf') in 0.022561 seconds 
  Import took 0.026057 seconds .

========================================================================
Received Import Request.
  Time since last request: 0.000930 seconds.
  path: Assets/Rockstar Asset Pack/Prefabs/Guitarpick2.prefab
  artifactKey: Guid(3e5c98a49072c43f2bf6565b41d0d34b) Importer(815301076,1909f56bfc062723c751e8b465ee728b)
Start importing Assets/Rockstar Asset Pack/Prefabs/Guitarpick2.prefab using Guid(3e5c98a49072c43f2bf6565b41d0d34b) Importer(815301076,1909f56bfc062723c751e8b465ee728b)  -> (artifact id: 'f1797d64300194c24ae244a42013257d') in 0.014099 seconds 
  Import took 0.017518 seconds .

========================================================================
Received Import Request.
  Time since last request: 0.000922 seconds.
  path: Assets/Rockstar Asset Pack/Prefabs/MicrophonewStand.prefab
  artifactKey: Guid(91d62156e677542d0a94c89e8335a8ea) Importer(815301076,1909f56bfc062723c751e8b465ee728b)
Start importing Assets/Rockstar Asset Pack/Prefabs/MicrophonewStand.prefab using Guid(91d62156e677542d0a94c89e8335a8ea) Importer(815301076,1909f56bfc062723c751e8b465ee728b)  -> (artifact id: 'e5da79236daa1ea903e3fdddb7ddec65') in 0.021271 seconds 
  Import took 0.024642 seconds .

========================================================================
Received Import Request.
  Time since last request: 0.001215 seconds.
  path: Assets/Rockstar Asset Pack/Prefabs/CabHead.prefab
  artifactKey: Guid(3c29ccb6ff6f64eeeb5cd202f2c7dfea) Importer(815301076,1909f56bfc062723c751e8b465ee728b)
Start importing Assets/Rockstar Asset Pack/Prefabs/CabHead.prefab using Guid(3c29ccb6ff6f64eeeb5cd202f2c7dfea) Importer(815301076,1909f56bfc062723c751e8b465ee728b)  -> (artifact id: '51d1956e2a54adfd6e9e8f9d445cd8e5') in 0.203206 seconds 
  Import took 0.206563 seconds .

========================================================================
Received Import Request.
  Time since last request: 0.000951 seconds.
  path: Assets/Rockstar Asset Pack/Prefabs/BassDrum(Red).prefab
  artifactKey: Guid(3d9356f61c13049fb937995a4cd9f2ab) Importer(815301076,1909f56bfc062723c751e8b465ee728b)
Start importing Assets/Rockstar Asset Pack/Prefabs/BassDrum(Red).prefab using Guid(3d9356f61c13049fb937995a4cd9f2ab) Importer(815301076,1909f56bfc062723c751e8b465ee728b)  -> (artifact id: '7b933ad31e052d58519d8a07a9ac5ef5') in 0.024965 seconds 
  Import took 0.028295 seconds .

========================================================================
Received Import Request.
  Time since last request: 0.001230 seconds.
  path: Assets/Rockstar Asset Pack/Prefabs/Guitarpick.prefab
  artifactKey: Guid(3a66a51b61f1741fb97d208ff033f09c) Importer(815301076,1909f56bfc062723c751e8b465ee728b)
Start importing Assets/Rockstar Asset Pack/Prefabs/Guitarpick.prefab using Guid(3a66a51b61f1741fb97d208ff033f09c) Importer(815301076,1909f56bfc062723c751e8b465ee728b)  -> (artifact id: '53f829b4154e93830c694213306946ba') in 0.014477 seconds 
  Import took 0.017669 seconds .

========================================================================
Received Import Request.
  Time since last request: 0.001077 seconds.
  path: Assets/Rockstar Asset Pack/Prefabs/Explorer (Clear Ashwood).prefab
  artifactKey: Guid(e524c9441193c45d39e21e905432c2fb) Importer(815301076,1909f56bfc062723c751e8b465ee728b)
Start importing Assets/Rockstar Asset Pack/Prefabs/Explorer (Clear Ashwood).prefab using Guid(e524c9441193c45d39e21e905432c2fb) Importer(815301076,1909f56bfc062723c751e8b465ee728b)  -> (artifact id: '5cc914ea6944621cb79062b8225e40c8') in 0.027288 seconds 
  Import took 0.031910 seconds .

========================================================================
Received Import Request.
  Time since last request: 0.000957 seconds.
  path: Assets/Rockstar Asset Pack/Prefabs/Stratocaster (Baby Blue).prefab
  artifactKey: Guid(9460cd49b555b4a8a8b3c61e4e753453) Importer(815301076,1909f56bfc062723c751e8b465ee728b)
Start importing Assets/Rockstar Asset Pack/Prefabs/Stratocaster (Baby Blue).prefab using Guid(9460cd49b555b4a8a8b3c61e4e753453) Importer(815301076,1909f56bfc062723c751e8b465ee728b)  -> (artifact id: '077a6ca8db8106d49b377c18aba0381a') in 0.030002 seconds 
  Import took 0.033497 seconds .

========================================================================
Received Import Request.
  Time since last request: 0.000896 seconds.
  path: Assets/Rockstar Asset Pack/Prefabs/Telecaster(Cherry).prefab
  artifactKey: Guid(abcdc8f2dc7b54fb491c864dbfd0af99) Importer(815301076,1909f56bfc062723c751e8b465ee728b)
Start importing Assets/Rockstar Asset Pack/Prefabs/Telecaster(Cherry).prefab using Guid(abcdc8f2dc7b54fb491c864dbfd0af99) Importer(815301076,1909f56bfc062723c751e8b465ee728b)  -> (artifact id: 'c344ffa8dc826ffe698ee6fd2a99edd3') in 0.028613 seconds 
  Import took 0.031845 seconds .

========================================================================
Received Import Request.
  Time since last request: 0.000951 seconds.
  path: Assets/Rockstar Asset Pack/Prefabs/DrumStool.prefab
  artifactKey: Guid(f67956ee9982e4a3aaedec05f3e6f36e) Importer(815301076,1909f56bfc062723c751e8b465ee728b)
Start importing Assets/Rockstar Asset Pack/Prefabs/DrumStool.prefab using Guid(f67956ee9982e4a3aaedec05f3e6f36e) Importer(815301076,1909f56bfc062723c751e8b465ee728b)  -> (artifact id: '5a9c205327c3e66fe0d24e2fbff4a0c1') in 0.017129 seconds 
  Import took 0.020820 seconds .

========================================================================
Received Import Request.
  Time since last request: 0.000940 seconds.
  path: Assets/Rockstar Asset Pack/Prefabs/GuitarStand.prefab
  artifactKey: Guid(caa3003c1d9bd4538918a4d606a97a73) Importer(815301076,1909f56bfc062723c751e8b465ee728b)
Start importing Assets/Rockstar Asset Pack/Prefabs/GuitarStand.prefab using Guid(caa3003c1d9bd4538918a4d606a97a73) Importer(815301076,1909f56bfc062723c751e8b465ee728b)  -> (artifact id: 'e61e978f7d16c3d1d41621ac6c31493d') in 0.013810 seconds 
  Import took 0.016902 seconds .

========================================================================
Received Import Request.
  Time since last request: 0.000964 seconds.
  path: Assets/Rockstar Asset Pack/Prefabs/LesPaul (OrangeFlameMaple).prefab
  artifactKey: Guid(a302d3fb3f9194f5cae3766154777d1d) Importer(815301076,1909f56bfc062723c751e8b465ee728b)
Start importing Assets/Rockstar Asset Pack/Prefabs/LesPaul (OrangeFlameMaple).prefab using Guid(a302d3fb3f9194f5cae3766154777d1d) Importer(815301076,1909f56bfc062723c751e8b465ee728b)  -> (artifact id: 'febc33cc4753dc4c65674a95e36c8b86') in 0.023204 seconds 
  Import took 0.026673 seconds .

========================================================================
Received Import Request.
  Time since last request: 0.000889 seconds.
  path: Assets/Rockstar Asset Pack/Prefabs/RidewStand.prefab
  artifactKey: Guid(f9eeba6bfc7ba4e328a42ff6d92f78fb) Importer(815301076,1909f56bfc062723c751e8b465ee728b)
Start importing Assets/Rockstar Asset Pack/Prefabs/RidewStand.prefab using Guid(f9eeba6bfc7ba4e328a42ff6d92f78fb) Importer(815301076,1909f56bfc062723c751e8b465ee728b)  -> (artifact id: '6230b7967bad02059c729236661b8e4f') in 0.018899 seconds 
  Import took 0.022239 seconds .

========================================================================
Received Import Request.
  Time since last request: 0.001388 seconds.
  path: Assets/Rockstar Asset Pack/Prefabs/PurpleDrumSet.prefab
  artifactKey: Guid(b70de8949248542a9ba7ac184b6542f5) Importer(815301076,1909f56bfc062723c751e8b465ee728b)
Start importing Assets/Rockstar Asset Pack/Prefabs/PurpleDrumSet.prefab using Guid(b70de8949248542a9ba7ac184b6542f5) Importer(815301076,1909f56bfc062723c751e8b465ee728b)  -> (artifact id: 'dd9564c850c172f29a03ba75f9b7ae93') in 0.038447 seconds 
  Import took 0.043714 seconds .

========================================================================
Received Import Request.
  Time since last request: 0.000938 seconds.
  path: Assets/Rockstar Asset Pack/Prefabs/FloorTom (Red).prefab
  artifactKey: Guid(4f3dc17a36a674292af8d61f4d60149c) Importer(815301076,1909f56bfc062723c751e8b465ee728b)
Start importing Assets/Rockstar Asset Pack/Prefabs/FloorTom (Red).prefab using Guid(4f3dc17a36a674292af8d61f4d60149c) Importer(815301076,1909f56bfc062723c751e8b465ee728b)  -> (artifact id: '8fcdd644690ca6ff7b050781639c8b53') in 0.020208 seconds 
  Import took 0.024491 seconds .

========================================================================
Received Import Request.
  Time since last request: 0.001927 seconds.
  path: Assets/Rockstar Asset Pack/Prefabs/SingleAmp.prefab
  artifactKey: Guid(6b87147986b4d4e52ae4e935cb45f409) Importer(815301076,1909f56bfc062723c751e8b465ee728b)
Start importing Assets/Rockstar Asset Pack/Prefabs/SingleAmp.prefab using Guid(6b87147986b4d4e52ae4e935cb45f409) Importer(815301076,1909f56bfc062723c751e8b465ee728b)  -> (artifact id: 'ddbae672e6df21c60bc060687e5ac504') in 0.021680 seconds 
  Import took 0.025186 seconds .

========================================================================
Received Import Request.
  Time since last request: 0.000962 seconds.
  path: Assets/Rockstar Asset Pack/Prefabs/HighHatswStand.prefab
  artifactKey: Guid(f03ab0a27580a474f81387bfca821fef) Importer(815301076,1909f56bfc062723c751e8b465ee728b)
Start importing Assets/Rockstar Asset Pack/Prefabs/HighHatswStand.prefab using Guid(f03ab0a27580a474f81387bfca821fef) Importer(815301076,1909f56bfc062723c751e8b465ee728b)  -> (artifact id: '308fa287c4dee52d728704d2aa321308') in 0.018709 seconds 
  Import took 0.022190 seconds .

========================================================================
Received Import Request.
  Time since last request: 0.000971 seconds.
  path: Assets/Rockstar Asset Pack/Prefabs/5StringBass.prefab
  artifactKey: Guid(e4d6e07e0c1a54c6eb5db6b7de7a2b74) Importer(815301076,1909f56bfc062723c751e8b465ee728b)
Start importing Assets/Rockstar Asset Pack/Prefabs/5StringBass.prefab using Guid(e4d6e07e0c1a54c6eb5db6b7de7a2b74) Importer(815301076,1909f56bfc062723c751e8b465ee728b)  -> (artifact id: '53de0283b2f6643430933729a46c8fc6') in 0.039832 seconds 
  Import took 0.043316 seconds .

========================================================================
Received Import Request.
  Time since last request: 0.009090 seconds.
  path: Assets/Rockstar Asset Pack/Prefabs/VH TributeModel.prefab
  artifactKey: Guid(a813d6907b58445969b65c3fbe437c5c) Importer(815301076,1909f56bfc062723c751e8b465ee728b)
Start importing Assets/Rockstar Asset Pack/Prefabs/VH TributeModel.prefab using Guid(a813d6907b58445969b65c3fbe437c5c) Importer(815301076,1909f56bfc062723c751e8b465ee728b)  -> (artifact id: '5e84b8c144659e0a129ca8ec22bf9ecd') in 0.033887 seconds 
  Import took 0.037453 seconds .

========================================================================
Received Import Request.
  Time since last request: 0.000920 seconds.
  path: Assets/Rockstar Asset Pack/Prefabs/Dominion (Black).prefab
  artifactKey: Guid(e631ba28a2c8d48db9d967fc87856224) Importer(815301076,1909f56bfc062723c751e8b465ee728b)
Start importing Assets/Rockstar Asset Pack/Prefabs/Dominion (Black).prefab using Guid(e631ba28a2c8d48db9d967fc87856224) Importer(815301076,1909f56bfc062723c751e8b465ee728b)  -> (artifact id: '8c3dd90d2830ba02127e4ced9374aa66') in 0.021354 seconds 
  Import took 0.024642 seconds .

========================================================================
Received Import Request.
  Time since last request: 0.001025 seconds.
  path: Assets/Rockstar Asset Pack/Prefabs/LargeCab.prefab
  artifactKey: Guid(5e0cb889e94184e8ba33cf9bbac62a65) Importer(815301076,1909f56bfc062723c751e8b465ee728b)
Start importing Assets/Rockstar Asset Pack/Prefabs/LargeCab.prefab using Guid(5e0cb889e94184e8ba33cf9bbac62a65) Importer(815301076,1909f56bfc062723c751e8b465ee728b)  -> (artifact id: '3476b7d6b280bf604723be54bc881934') in 0.019667 seconds 
  Import took 0.023116 seconds .

========================================================================
Received Import Request.
  Time since last request: 588.116173 seconds.
  path: Assets
  artifactKey: Guid(00000000000000001000000000000000) Importer(815301076,1909f56bfc062723c751e8b465ee728b)
Start importing Assets using Guid(00000000000000001000000000000000) Importer(815301076,1909f56bfc062723c751e8b465ee728b)  -> (artifact id: '42d402b061de3733987d63b9cc3b64de') in 0.003661 seconds 
  Import took 0.006912 seconds .

========================================================================
Received Import Request.
  Time since last request: 0.003850 seconds.
  path: Assets
  artifactKey: Guid(00000000000000001000000000000000) Importer(815301076,1909f56bfc062723c751e8b465ee728b)
Start importing Assets using Guid(00000000000000001000000000000000) Importer(815301076,1909f56bfc062723c751e8b465ee728b)  -> (artifact id: '42d402b061de3733987d63b9cc3b64de') in 0.003042 seconds 
  Import took 0.006005 seconds .

========================================================================
Received Import Request.
  Time since last request: 20.233145 seconds.
  path: Assets/Sripts
  artifactKey: Guid(50f8498b87cd95840abb420b66d03f8c) Importer(815301076,1909f56bfc062723c751e8b465ee728b)
Start importing Assets/Sripts using Guid(50f8498b87cd95840abb420b66d03f8c) Importer(815301076,1909f56bfc062723c751e8b465ee728b)  -> (artifact id: 'ab8cfef808db1a1b569a3055155275f4') in 0.003833 seconds 
  Import took 0.006958 seconds .

========================================================================
Received Import Request.
  Time since last request: 10.780308 seconds.
  path: Assets/Scripts
  artifactKey: Guid(50f8498b87cd95840abb420b66d03f8c) Importer(815301076,1909f56bfc062723c751e8b465ee728b)
Start importing Assets/Scripts using Guid(50f8498b87cd95840abb420b66d03f8c) Importer(815301076,1909f56bfc062723c751e8b465ee728b)  -> (artifact id: 'f8b08ccbc36b29981e498a069de832f5') in 0.005725 seconds 
  Import took 0.008771 seconds .

========================================================================
Received Import Request.
  Time since last request: 17.090454 seconds.
  path: Assets/Scripts/Instrument.cs
  artifactKey: Guid(330a193bb9e06ee44a205c8189595037) Importer(815301076,1909f56bfc062723c751e8b465ee728b)
Start importing Assets/Scripts/Instrument.cs using Guid(330a193bb9e06ee44a205c8189595037) Importer(815301076,1909f56bfc062723c751e8b465ee728b)  -> (artifact id: '32ba5bbfda71c002c284e9997bb43348') in 0.007663 seconds 
  Import took 0.010685 seconds .

========================================================================
Received Prepare
Registering precompiled user dll's ...
Registered in 0.005604 seconds.
Begin MonoManager ReloadAssembly
Native extension for WindowsStandalone target not found
Native extension for WebGL target not found
Refreshing native plugins compatible for Editor in 0.46 ms, found 2 plugins.
Preloading 0 native plugins for Editor in 0.00 ms.
Mono: successfully reloaded assembly
- Completed reload, in  1.435 seconds
Platform modules already initialized, skipping
Refreshing native plugins compatible for Editor in 0.44 ms, found 2 plugins.
Preloading 0 native plugins for Editor in 0.00 ms.
Unloading 1382 Unused Serialized files (Serialized files now loaded: 0)
System memory in use before: 68.4 MB.
System memory in use after: 68.5 MB.

Unloading 14 unused Assets to reduce memory usage. Loaded Objects now: 1866.
Total: 2.645778 ms (FindLiveObjects: 0.180490 ms CreateObjectMapping: 0.064410 ms MarkObjects: 2.327973 ms  DeleteObjects: 0.070781 ms)

AssetImportParameters requested are different than current active one (requested -> active):
  custom:framework-win-MediaFoundation: 216162199b28c13a410421893ffa2e32 -> 
  custom:video-decoder-ogg-theora: a1e56fd34408186e4bbccfd4996cb3dc -> 
  custom:container-muxer-webm: aa71ff27fc2769a1b78a27578f13a17b -> 
  custom:container-demuxer-webm: 4f35f7cbe854078d1ac9338744f61a02 -> 
  custom:container-demuxer-ogg: 62fdf1f143b41e24485cea50d1cbac27 -> 
  custom:video-encoder-webm-vp8: eb34c28f22e8b96e1ab97ce403110664 -> 
  custom:video-decoder-webm-vp8: 9c59270c3fd7afecdb556c50c9e8de78 -> 
  custom:audio-decoder-ogg-vorbis: bf7c407c2cedff20999df2af8eb42d56 -> 
  custom:audio-encoder-webm-vorbis: bf7c407c2cedff20999df2af8eb42d56 -> 
========================================================================
Received Prepare
Registering precompiled user dll's ...
Registered in 0.004424 seconds.
Begin MonoManager ReloadAssembly
Native extension for WindowsStandalone target not found
Native extension for WebGL target not found
Refreshing native plugins compatible for Editor in 0.43 ms, found 2 plugins.
Preloading 0 native plugins for Editor in 0.00 ms.
Mono: successfully reloaded assembly
- Completed reload, in  1.437 seconds
Platform modules already initialized, skipping
Refreshing native plugins compatible for Editor in 0.43 ms, found 2 plugins.
Preloading 0 native plugins for Editor in 0.00 ms.
Unloading 1382 Unused Serialized files (Serialized files now loaded: 0)
System memory in use before: 68.4 MB.
System memory in use after: 68.5 MB.

Unloading 14 unused Assets to reduce memory usage. Loaded Objects now: 1869.
Total: 3.499038 ms (FindLiveObjects: 0.244193 ms CreateObjectMapping: 0.081752 ms MarkObjects: 3.092757 ms  DeleteObjects: 0.077859 ms)

AssetImportParameters requested are different than current active one (requested -> active):
  custom:framework-win-MediaFoundation: 216162199b28c13a410421893ffa2e32 -> 
  custom:video-decoder-ogg-theora: a1e56fd34408186e4bbccfd4996cb3dc -> 
  custom:container-muxer-webm: aa71ff27fc2769a1b78a27578f13a17b -> 
  custom:container-demuxer-webm: 4f35f7cbe854078d1ac9338744f61a02 -> 
  custom:container-demuxer-ogg: 62fdf1f143b41e24485cea50d1cbac27 -> 
  custom:video-encoder-webm-vp8: eb34c28f22e8b96e1ab97ce403110664 -> 
  custom:video-decoder-webm-vp8: 9c59270c3fd7afecdb556c50c9e8de78 -> 
  custom:audio-decoder-ogg-vorbis: bf7c407c2cedff20999df2af8eb42d56 -> 
  custom:audio-encoder-webm-vorbis: bf7c407c2cedff20999df2af8eb42d56 -> 
========================================================================
Received Import Request.
  Time since last request: 213.650000 seconds.
  path: Assets/Scripts/Instrument.cs
  artifactKey: Guid(330a193bb9e06ee44a205c8189595037) Importer(815301076,1909f56bfc062723c751e8b465ee728b)
Start importing Assets/Scripts/Instrument.cs using Guid(330a193bb9e06ee44a205c8189595037) Importer(815301076,1909f56bfc062723c751e8b465ee728b)  -> (artifact id: 'ab96399b6c841c2f3f7a3feca4e58b52') in 0.007898 seconds 
  Import took 0.010973 seconds .

========================================================================
Received Import Request.
  Time since last request: 630.359478 seconds.
  path: Assets/Scripts/Guitar.cs
  artifactKey: Guid(2fd49c66746275a40a75599b850f4013) Importer(815301076,1909f56bfc062723c751e8b465ee728b)
Start importing Assets/Scripts/Guitar.cs using Guid(2fd49c66746275a40a75599b850f4013) Importer(815301076,1909f56bfc062723c751e8b465ee728b)  -> (artifact id: '7ff1601a6df2029102c1d9d50e1279f8') in 0.009457 seconds 
  Import took 0.013244 seconds .

========================================================================
Received Prepare
Registering precompiled user dll's ...
Registered in 0.005062 seconds.
Begin MonoManager ReloadAssembly
Native extension for WindowsStandalone target not found
Native extension for WebGL target not found
Refreshing native plugins compatible for Editor in 0.48 ms, found 2 plugins.
Preloading 0 native plugins for Editor in 0.00 ms.
Mono: successfully reloaded assembly
- Completed reload, in  1.770 seconds
Platform modules already initialized, skipping
Refreshing native plugins compatible for Editor in 0.44 ms, found 2 plugins.
Preloading 0 native plugins for Editor in 0.00 ms.
Unloading 1383 Unused Serialized files (Serialized files now loaded: 0)
System memory in use before: 68.4 MB.
System memory in use after: 68.5 MB.

Unloading 14 unused Assets to reduce memory usage. Loaded Objects now: 1873.
Total: 2.604017 ms (FindLiveObjects: 0.185799 ms CreateObjectMapping: 0.065118 ms MarkObjects: 2.275242 ms  DeleteObjects: 0.076089 ms)

AssetImportParameters requested are different than current active one (requested -> active):
  custom:framework-win-MediaFoundation: 216162199b28c13a410421893ffa2e32 -> 
  custom:video-decoder-ogg-theora: a1e56fd34408186e4bbccfd4996cb3dc -> 
  custom:container-muxer-webm: aa71ff27fc2769a1b78a27578f13a17b -> 
  custom:container-demuxer-webm: 4f35f7cbe854078d1ac9338744f61a02 -> 
  custom:container-demuxer-ogg: 62fdf1f143b41e24485cea50d1cbac27 -> 
  custom:video-encoder-webm-vp8: eb34c28f22e8b96e1ab97ce403110664 -> 
  custom:video-decoder-webm-vp8: 9c59270c3fd7afecdb556c50c9e8de78 -> 
  custom:audio-decoder-ogg-vorbis: bf7c407c2cedff20999df2af8eb42d56 -> 
  custom:audio-encoder-webm-vorbis: bf7c407c2cedff20999df2af8eb42d56 -> 
========================================================================
Received Prepare
Registering precompiled user dll's ...
Registered in 0.004591 seconds.
Begin MonoManager ReloadAssembly
Native extension for WindowsStandalone target not found
Native extension for WebGL target not found
Refreshing native plugins compatible for Editor in 0.46 ms, found 2 plugins.
Preloading 0 native plugins for Editor in 0.00 ms.
Mono: successfully reloaded assembly
- Completed reload, in  1.357 seconds
Platform modules already initialized, skipping
Refreshing native plugins compatible for Editor in 0.43 ms, found 2 plugins.
Preloading 0 native plugins for Editor in 0.00 ms.
Unloading 1383 Unused Serialized files (Serialized files now loaded: 0)
System memory in use before: 68.5 MB.
System memory in use after: 68.5 MB.

Unloading 14 unused Assets to reduce memory usage. Loaded Objects now: 1876.
Total: 2.306385 ms (FindLiveObjects: 0.167396 ms CreateObjectMapping: 0.063703 ms MarkObjects: 1.995304 ms  DeleteObjects: 0.078213 ms)

AssetImportParameters requested are different than current active one (requested -> active):
  custom:framework-win-MediaFoundation: 216162199b28c13a410421893ffa2e32 -> 
  custom:video-decoder-ogg-theora: a1e56fd34408186e4bbccfd4996cb3dc -> 
  custom:container-muxer-webm: aa71ff27fc2769a1b78a27578f13a17b -> 
  custom:container-demuxer-webm: 4f35f7cbe854078d1ac9338744f61a02 -> 
  custom:container-demuxer-ogg: 62fdf1f143b41e24485cea50d1cbac27 -> 
  custom:video-encoder-webm-vp8: eb34c28f22e8b96e1ab97ce403110664 -> 
  custom:video-decoder-webm-vp8: 9c59270c3fd7afecdb556c50c9e8de78 -> 
  custom:audio-decoder-ogg-vorbis: bf7c407c2cedff20999df2af8eb42d56 -> 
  custom:audio-encoder-webm-vorbis: bf7c407c2cedff20999df2af8eb42d56 -> 
========================================================================
Received Import Request.
  Time since last request: 281.829215 seconds.
  path: Assets/Scripts/Guitar.cs
  artifactKey: Guid(2fd49c66746275a40a75599b850f4013) Importer(815301076,1909f56bfc062723c751e8b465ee728b)
Start importing Assets/Scripts/Guitar.cs using Guid(2fd49c66746275a40a75599b850f4013) Importer(815301076,1909f56bfc062723c751e8b465ee728b)  -> (artifact id: 'a01b58578db7742c5025e10044edff69') in 0.007425 seconds 
  Import took 0.010295 seconds .

========================================================================
Received Import Request.
  Time since last request: 53.302644 seconds.
  path: Assets/Scripts/GuitarString.cs
  artifactKey: Guid(e1509c511a94ce042b33ec41fded4627) Importer(815301076,1909f56bfc062723c751e8b465ee728b)
Start importing Assets/Scripts/GuitarString.cs using Guid(e1509c511a94ce042b33ec41fded4627) Importer(815301076,1909f56bfc062723c751e8b465ee728b)  -> (artifact id: 'dd2fe9d77f237290d627cfbf00312669') in 0.006049 seconds 
  Import took 0.009792 seconds .

========================================================================
Received Prepare
Registering precompiled user dll's ...
Registered in 0.396015 seconds.
Begin MonoManager ReloadAssembly
Native extension for WindowsStandalone target not found
Native extension for WebGL target not found
Refreshing native plugins compatible for Editor in 0.46 ms, found 2 plugins.
Preloading 0 native plugins for Editor in 0.00 ms.
Mono: successfully reloaded assembly
- Completed reload, in  1.485 seconds
Platform modules already initialized, skipping
Refreshing native plugins compatible for Editor in 0.52 ms, found 2 plugins.
Preloading 0 native plugins for Editor in 0.00 ms.
Unloading 1384 Unused Serialized files (Serialized files now loaded: 0)
System memory in use before: 68.5 MB.
System memory in use after: 68.6 MB.

Unloading 14 unused Assets to reduce memory usage. Loaded Objects now: 1880.
Total: 2.508110 ms (FindLiveObjects: 0.179429 ms CreateObjectMapping: 0.062287 ms MarkObjects: 2.188181 ms  DeleteObjects: 0.076089 ms)

AssetImportParameters requested are different than current active one (requested -> active):
  custom:framework-win-MediaFoundation: 216162199b28c13a410421893ffa2e32 -> 
  custom:video-decoder-ogg-theora: a1e56fd34408186e4bbccfd4996cb3dc -> 
  custom:container-muxer-webm: aa71ff27fc2769a1b78a27578f13a17b -> 
  custom:container-demuxer-webm: 4f35f7cbe854078d1ac9338744f61a02 -> 
  custom:container-demuxer-ogg: 62fdf1f143b41e24485cea50d1cbac27 -> 
  custom:video-encoder-webm-vp8: eb34c28f22e8b96e1ab97ce403110664 -> 
  custom:video-decoder-webm-vp8: 9c59270c3fd7afecdb556c50c9e8de78 -> 
  custom:audio-decoder-ogg-vorbis: bf7c407c2cedff20999df2af8eb42d56 -> 
  custom:audio-encoder-webm-vorbis: bf7c407c2cedff20999df2af8eb42d56 -> 
========================================================================
Received Prepare
Registering precompiled user dll's ...
Registered in 0.006888 seconds.
Begin MonoManager ReloadAssembly
Native extension for WindowsStandalone target not found
Native extension for WebGL target not found
Refreshing native plugins compatible for Editor in 0.44 ms, found 2 plugins.
Preloading 0 native plugins for Editor in 0.00 ms.
Mono: successfully reloaded assembly
- Completed reload, in  1.360 seconds
Platform modules already initialized, skipping
Refreshing native plugins compatible for Editor in 0.44 ms, found 2 plugins.
Preloading 0 native plugins for Editor in 0.00 ms.
Unloading 1384 Unused Serialized files (Serialized files now loaded: 0)
System memory in use before: 68.5 MB.
System memory in use after: 68.6 MB.

Unloading 14 unused Assets to reduce memory usage. Loaded Objects now: 1883.
Total: 2.557302 ms (FindLiveObjects: 0.162795 ms CreateObjectMapping: 0.060871 ms MarkObjects: 2.249053 ms  DeleteObjects: 0.082813 ms)

AssetImportParameters requested are different than current active one (requested -> active):
  custom:framework-win-MediaFoundation: 216162199b28c13a410421893ffa2e32 -> 
  custom:video-decoder-ogg-theora: a1e56fd34408186e4bbccfd4996cb3dc -> 
  custom:container-muxer-webm: aa71ff27fc2769a1b78a27578f13a17b -> 
  custom:container-demuxer-webm: 4f35f7cbe854078d1ac9338744f61a02 -> 
  custom:container-demuxer-ogg: 62fdf1f143b41e24485cea50d1cbac27 -> 
  custom:video-encoder-webm-vp8: eb34c28f22e8b96e1ab97ce403110664 -> 
  custom:video-decoder-webm-vp8: 9c59270c3fd7afecdb556c50c9e8de78 -> 
  custom:audio-decoder-ogg-vorbis: bf7c407c2cedff20999df2af8eb42d56 -> 
  custom:audio-encoder-webm-vorbis: bf7c407c2cedff20999df2af8eb42d56 -> 
========================================================================
Received Import Request.
  Time since last request: 437.838914 seconds.
  path: Assets/Scripts/GuitarString.cs
  artifactKey: Guid(e1509c511a94ce042b33ec41fded4627) Importer(815301076,1909f56bfc062723c751e8b465ee728b)
Start importing Assets/Scripts/GuitarString.cs using Guid(e1509c511a94ce042b33ec41fded4627) Importer(815301076,1909f56bfc062723c751e8b465ee728b)  -> (artifact id: '676368c42195416ceca903358bb6ee47') in 0.007220 seconds 
  Import took 0.010182 seconds .

========================================================================
Received Import Request.
  Time since last request: 3270.853399 seconds.
  path: Assets/Scripts/MusicInput.cs
  artifactKey: Guid(09c00db4e21d9ee4d9ae3e7e50cf4c9b) Importer(815301076,1909f56bfc062723c751e8b465ee728b)
Start importing Assets/Scripts/MusicInput.cs using Guid(09c00db4e21d9ee4d9ae3e7e50cf4c9b) Importer(815301076,1909f56bfc062723c751e8b465ee728b)  -> (artifact id: 'b949bae53dbe4a39c0b01cd4ccd10561') in 0.007081 seconds 
  Import took 0.012339 seconds .

========================================================================
Received Prepare
Registering precompiled user dll's ...
Registered in 0.004461 seconds.
Begin MonoManager ReloadAssembly
Native extension for WindowsStandalone target not found
Native extension for WebGL target not found
Refreshing native plugins compatible for Editor in 0.44 ms, found 2 plugins.
Preloading 0 native plugins for Editor in 0.00 ms.
Mono: successfully reloaded assembly
- Completed reload, in  1.427 seconds
Platform modules already initialized, skipping
Refreshing native plugins compatible for Editor in 0.43 ms, found 2 plugins.
Preloading 0 native plugins for Editor in 0.00 ms.
Unloading 1385 Unused Serialized files (Serialized files now loaded: 0)
System memory in use before: 68.5 MB.
System memory in use after: 68.6 MB.

Unloading 14 unused Assets to reduce memory usage. Loaded Objects now: 1887.
Total: 2.254361 ms (FindLiveObjects: 0.172705 ms CreateObjectMapping: 0.059810 ms MarkObjects: 1.951420 ms  DeleteObjects: 0.067949 ms)

AssetImportParameters requested are different than current active one (requested -> active):
  custom:framework-win-MediaFoundation: 216162199b28c13a410421893ffa2e32 -> 
  custom:video-decoder-ogg-theora: a1e56fd34408186e4bbccfd4996cb3dc -> 
  custom:container-muxer-webm: aa71ff27fc2769a1b78a27578f13a17b -> 
  custom:container-demuxer-webm: 4f35f7cbe854078d1ac9338744f61a02 -> 
  custom:container-demuxer-ogg: 62fdf1f143b41e24485cea50d1cbac27 -> 
  custom:video-encoder-webm-vp8: eb34c28f22e8b96e1ab97ce403110664 -> 
  custom:video-decoder-webm-vp8: 9c59270c3fd7afecdb556c50c9e8de78 -> 
  custom:audio-decoder-ogg-vorbis: bf7c407c2cedff20999df2af8eb42d56 -> 
  custom:audio-encoder-webm-vorbis: bf7c407c2cedff20999df2af8eb42d56 -> 
========================================================================
Received Prepare
Registering precompiled user dll's ...
Registered in 0.064012 seconds.
Begin MonoManager ReloadAssembly
Native extension for WindowsStandalone target not found
Native extension for WebGL target not found
Refreshing native plugins compatible for Editor in 0.43 ms, found 2 plugins.
Preloading 0 native plugins for Editor in 0.00 ms.
Mono: successfully reloaded assembly
- Completed reload, in  1.393 seconds
Platform modules already initialized, skipping
Refreshing native plugins compatible for Editor in 0.43 ms, found 2 plugins.
Preloading 0 native plugins for Editor in 0.00 ms.
Unloading 1385 Unused Serialized files (Serialized files now loaded: 0)
System memory in use before: 68.5 MB.
System memory in use after: 68.6 MB.

Unloading 14 unused Assets to reduce memory usage. Loaded Objects now: 1890.
Total: 2.329035 ms (FindLiveObjects: 0.177659 ms CreateObjectMapping: 0.064056 ms MarkObjects: 2.005922 ms  DeleteObjects: 0.079982 ms)

AssetImportParameters requested are different than current active one (requested -> active):
  custom:framework-win-MediaFoundation: 216162199b28c13a410421893ffa2e32 -> 
  custom:video-decoder-ogg-theora: a1e56fd34408186e4bbccfd4996cb3dc -> 
  custom:container-muxer-webm: aa71ff27fc2769a1b78a27578f13a17b -> 
  custom:container-demuxer-webm: 4f35f7cbe854078d1ac9338744f61a02 -> 
  custom:container-demuxer-ogg: 62fdf1f143b41e24485cea50d1cbac27 -> 
  custom:video-encoder-webm-vp8: eb34c28f22e8b96e1ab97ce403110664 -> 
  custom:video-decoder-webm-vp8: 9c59270c3fd7afecdb556c50c9e8de78 -> 
  custom:audio-decoder-ogg-vorbis: bf7c407c2cedff20999df2af8eb42d56 -> 
  custom:audio-encoder-webm-vorbis: bf7c407c2cedff20999df2af8eb42d56 -> 
========================================================================
Received Import Request.
  Time since last request: 6744.390839 seconds.
  path: Assets/Scripts/MusicInput.cs
  artifactKey: Guid(09c00db4e21d9ee4d9ae3e7e50cf4c9b) Importer(815301076,1909f56bfc062723c751e8b465ee728b)
Start importing Assets/Scripts/MusicInput.cs using Guid(09c00db4e21d9ee4d9ae3e7e50cf4c9b) Importer(815301076,1909f56bfc062723c751e8b465ee728b)  -> (artifact id: '1efbcb3355490a02965d78e1a16e4eb2') in 0.007209 seconds 
  Import took 0.010495 seconds .

